<?xml version="1.0" encoding="UTF-8"?>
<!-- Generated by org.testng.reporters.JUnitXMLReporter -->
<testsuite ignored="0" hostname="DESKTOP-PA8JN0G" failures="0" tests="6" name="Test" time="11.487" errors="0" timestamp="2024-06-11T18:15:40 IST">
  <testcase classname="org.testing.testScripts.TC1_PostRequest" name="testCase1" time="9.968"/>
  <testcase classname="org.testing.testScripts.TC2_GetAllRequest" name="testCase2" time="0.107"/>
  <testcase classname="org.testing.testScripts.TC3_GetParticularRequest" name="testCase3" time="0.44"/>
  <testcase classname="org.testing.testScripts.TC4_DeleteRequest" name="testCase4" time="0.402"/>
  <testcase classname="org.testing.testScripts.TC5_PutMethod" name="testCase5" time="0.419"/>
  <testcase classname="org.testing.testScripts.TC7_GetRequest" name="testCase7" time="0.091"/>
</testsuite> <!-- Test -->
