<?xml version="1.0" encoding="UTF-8"?>
<testng-results ignored="0" total="6" passed="6" failed="0" skipped="0">
  <reporter-output>
  </reporter-output>
  <suite started-at="2024-06-11T18:15:28 IST" name="Suite" finished-at="2024-06-11T18:15:40 IST" duration-ms="11487">
    <groups>
    </groups>
    <test started-at="2024-06-11T18:15:28 IST" name="Test" finished-at="2024-06-11T18:15:40 IST" duration-ms="11487">
      <class name="org.testing.testScripts.TC2_GetAllRequest">
        <test-method signature="testCase2()[pri:0, instance:org.testing.testScripts.TC2_GetAllRequest@74f0ea28]" started-at="2024-06-11T18:15:38 IST" name="testCase2" finished-at="2024-06-11T18:15:38 IST" duration-ms="107" status="PASS">
          <reporter-output>
          </reporter-output>
        </test-method> <!-- testCase2 -->
      </class> <!-- org.testing.testScripts.TC2_GetAllRequest -->
      <class name="org.testing.testScripts.TC3_GetParticularRequest">
        <test-method signature="testCase3()[pri:0, instance:org.testing.testScripts.TC3_GetParticularRequest@f6efaab]" started-at="2024-06-11T18:15:38 IST" name="testCase3" finished-at="2024-06-11T18:15:39 IST" duration-ms="440" status="PASS">
          <reporter-output>
          </reporter-output>
        </test-method> <!-- testCase3 -->
      </class> <!-- org.testing.testScripts.TC3_GetParticularRequest -->
      <class name="org.testing.testScripts.TC1_PostRequest">
        <test-method signature="testCase1()[pri:0, instance:org.testing.testScripts.TC1_PostRequest@4f83df68]" started-at="2024-06-11T18:15:28 IST" name="testCase1" finished-at="2024-06-11T18:15:38 IST" duration-ms="9968" status="PASS">
          <reporter-output>
          </reporter-output>
        </test-method> <!-- testCase1 -->
      </class> <!-- org.testing.testScripts.TC1_PostRequest -->
      <class name="org.testing.testScripts.TC4_DeleteRequest">
        <test-method signature="testCase4()[pri:0, instance:org.testing.testScripts.TC4_DeleteRequest@3c19aaa5]" started-at="2024-06-11T18:15:39 IST" name="testCase4" finished-at="2024-06-11T18:15:39 IST" duration-ms="402" status="PASS">
          <reporter-output>
          </reporter-output>
        </test-method> <!-- testCase4 -->
      </class> <!-- org.testing.testScripts.TC4_DeleteRequest -->
      <class name="org.testing.testScripts.TC7_GetRequest">
        <test-method signature="testCase7()[pri:0, instance:org.testing.testScripts.TC7_GetRequest@409bf450]" started-at="2024-06-11T18:15:40 IST" name="testCase7" finished-at="2024-06-11T18:15:40 IST" duration-ms="91" status="PASS">
          <reporter-output>
          </reporter-output>
        </test-method> <!-- testCase7 -->
      </class> <!-- org.testing.testScripts.TC7_GetRequest -->
      <class name="org.testing.testScripts.TC5_PutMethod">
        <test-method signature="testCase5()[pri:0, instance:org.testing.testScripts.TC5_PutMethod@3349e9bb]" started-at="2024-06-11T18:15:39 IST" name="testCase5" finished-at="2024-06-11T18:15:40 IST" duration-ms="419" status="PASS">
          <reporter-output>
          </reporter-output>
        </test-method> <!-- testCase5 -->
      </class> <!-- org.testing.testScripts.TC5_PutMethod -->
    </test> <!-- Test -->
  </suite> <!-- Suite -->
</testng-results>
